<?xml version="1.0" encoding="UTF-8"?>
<!-- Generated by org.testng.reporters.JUnitReportReporter -->
<testsuite hostname="DESKTOP-EVUMI0M" failures="0" tests="2" name="TestRunner.TestRunner" time="9.143" errors="0" timestamp="2021-11-08T04:42:50 IST" skipped="0">
  <testcase classname="TestRunner.TestRunner" name="runScenario" time="4.806"/>
  <system-out/>
  <testcase classname="TestRunner.TestRunner" name="runScenario" time="4.337"/>
  <system-out/>
</testsuite> <!-- TestRunner.TestRunner -->
