<?xml version="1.0" encoding="UTF-8"?>
<!-- Generated by org.testng.reporters.JUnitReportReporter -->
<testsuite hostname="DESKTOP-EVUMI0M" failures="0" tests="4" name="Flipkart.Test.HomePage" time="39.017" errors="0" timestamp="2021-11-08T05:02:45 IST" skipped="0">
  <testcase classname="Flipkart.Test.HomePage" name="basePageNavigation" time="12.237"/>
  <system-out/>
  <testcase classname="Flipkart.Test.HomePage" name="basePageNavigation" time="8.391"/>
  <system-out/>
  <testcase classname="Flipkart.Test.HomePage" name="basePageNavigation" time="9.447"/>
  <system-out/>
  <testcase classname="Flipkart.Test.HomePage" name="basePageNavigation" time="8.942"/>
  <system-out/>
</testsuite> <!-- Flipkart.Test.HomePage -->
