<?xml version="1.0" encoding="UTF-8"?>
<!-- Generated by org.testng.reporters.JUnitReportReporter -->
<testsuite hostname="DESKTOP-EVUMI0M" failures="0" tests="2" name="TestRunner.TestRunner" time="12.041" errors="0" timestamp="2021-11-08T05:02:45 IST" skipped="0">
  <testcase classname="TestRunner.TestRunner" name="runScenario" time="4.044"/>
  <system-out/>
  <testcase classname="TestRunner.TestRunner" name="runScenario" time="7.997"/>
  <system-out/>
</testsuite> <!-- TestRunner.TestRunner -->
