<?xml version="1.0" encoding="UTF-8"?>
<!-- Generated by org.testng.reporters.JUnitReportReporter -->
<testsuite hostname="DESKTOP-EVUMI0M" failures="0" tests="1" name="Flipkart.Test.ValidateTitle" time="0.126" errors="0" timestamp="2021-11-08T05:02:45 IST" skipped="0">
  <testcase classname="Flipkart.Test.ValidateTitle" name="basePageNavigation" time="0.126"/>
  <system-out/>
</testsuite> <!-- Flipkart.Test.ValidateTitle -->
