<?xml version="1.0" encoding="UTF-8"?>
<!-- Generated by org.testng.reporters.JUnitReportReporter -->
<testsuite hostname="DESKTOP-EVUMI0M" failures="0" tests="4" name="Flipkart.Test.HomePage" time="20.782" errors="0" timestamp="2021-11-08T04:42:50 IST" skipped="0">
  <testcase classname="Flipkart.Test.HomePage" name="basePageNavigation" time="4.138"/>
  <system-out/>
  <testcase classname="Flipkart.Test.HomePage" name="basePageNavigation" time="5.430"/>
  <system-out/>
  <testcase classname="Flipkart.Test.HomePage" name="basePageNavigation" time="5.568"/>
  <system-out/>
  <testcase classname="Flipkart.Test.HomePage" name="basePageNavigation" time="5.646"/>
  <system-out/>
</testsuite> <!-- Flipkart.Test.HomePage -->
