<?xml version="1.0" encoding="UTF-8"?>
<!-- Generated by org.testng.reporters.JUnitReportReporter -->
<testsuite hostname="DESKTOP-EVUMI0M" failures="0" tests="2" name="Maven.HomePage" time="11.764" errors="0" timestamp="2021-10-21T18:48:34 IST" skipped="0">
  <testcase classname="Maven.HomePage" name="basePageNavigation" time="5.112"/>
  <system-out/>
  <testcase classname="Maven.HomePage" name="basePageNavigation" time="6.652"/>
  <system-out/>
</testsuite> <!-- Maven.HomePage -->
