<?xml version="1.0" encoding="UTF-8"?>
<!-- Generated by org.testng.reporters.JUnitReportReporter -->
<testsuite hostname="DESKTOP-EVUMI0M" failures="0" tests="2" name="Flipkart.Test.HomePage" time="10.639" errors="0" timestamp="2021-11-08T04:34:21 IST" skipped="0">
  <testcase classname="Flipkart.Test.HomePage" name="basePageNavigation" time="5.377"/>
  <system-out/>
  <testcase classname="Flipkart.Test.HomePage" name="basePageNavigation" time="5.262"/>
  <system-out/>
</testsuite> <!-- Flipkart.Test.HomePage -->
