<?xml version="1.0" encoding="UTF-8"?>
<!-- Generated by org.testng.reporters.JUnitReportReporter -->
<testsuite hostname="DESKTOP-EVUMI0M" failures="0" tests="1" name="Flipkart.Test.ValidateNavBar" time="0.071" errors="0" timestamp="2021-10-28T14:32:10 IST" skipped="0">
  <testcase classname="Flipkart.Test.ValidateNavBar" name="basePageNavigation" time="0.071"/>
  <system-out/>
</testsuite> <!-- Flipkart.Test.ValidateNavBar -->
