<?xml version="1.0" encoding="UTF-8"?>
<!-- Generated by org.testng.reporters.JUnitReportReporter -->
<testsuite hostname="DESKTOP-EVUMI0M" failures="0" tests="1" name="Maven.ValidateNavBar" time="4.298" errors="0" timestamp="2021-10-21T18:48:34 IST" skipped="0">
  <testcase classname="Maven.ValidateNavBar" name="basePageNavigation" time="4.298"/>
  <system-out/>
</testsuite> <!-- Maven.ValidateNavBar -->
