<?xml version="1.0" encoding="UTF-8"?>
<!-- Generated by org.testng.reporters.JUnitReportReporter -->
<testsuite hostname="DESKTOP-EVUMI0M" failures="0" tests="2" name="TestRunner.TestRunner" time="10.469" errors="0" timestamp="2021-11-08T04:34:21 IST" skipped="0">
  <testcase classname="TestRunner.TestRunner" name="runScenario" time="4.480"/>
  <system-out/>
  <testcase classname="TestRunner.TestRunner" name="runScenario" time="5.989"/>
  <system-out/>
</testsuite> <!-- TestRunner.TestRunner -->
