<?xml version="1.0" encoding="UTF-8"?>
<!-- Generated by org.testng.reporters.JUnitReportReporter -->
<testsuite hostname="DESKTOP-EVUMI0M" failures="0" tests="1" name="Maven.ValidateTitle" time="4.034" errors="0" timestamp="2021-10-21T18:48:34 IST" skipped="0">
  <testcase classname="Maven.ValidateTitle" name="basePageNavigation" time="4.034"/>
  <system-out/>
</testsuite> <!-- Maven.ValidateTitle -->
